<?xml version="1.0" encoding="UTF-8"?>
<!-- Generated by org.testng.reporters.JUnitXMLReporter -->
<testsuite hostname="IBM-Testing01" ignored="0" name="Default test" tests="3" failures="0" timestamp="16 Feb 2020 15:14:23 GMT" time="77.025" errors="0">
  <testcase name="validLoginTest" time="12.029" classname="com.training.sanity.tests.Complextest"/>
  <testcase name="validLoginTest" time="11.601" classname="com.training.sanity.tests.Complextest"/>
  <testcase name="validLoginTest" time="11.403" classname="com.training.sanity.tests.Complextest"/>
</testsuite> <!-- Default test -->
