<?xml version="1.0" encoding="UTF-8"?>
<testng-results skipped="0" failed="0" ignored="0" total="1" passed="1">
  <reporter-output>
  </reporter-output>
  <suite name="Default suite" duration-ms="18084" started-at="2020-02-13T07:07:38Z" finished-at="2020-02-13T07:07:56Z">
    <groups>
    </groups>
    <test name="Default test" duration-ms="18084" started-at="2020-02-13T07:07:38Z" finished-at="2020-02-13T07:07:56Z">
      <class name="com.training.sanity.tests.LoginTests1">
        <test-method status="PASS" signature="setUpBeforeClass()[pri:0, instance:com.training.sanity.tests.LoginTests1@3bfdc050]" name="setUpBeforeClass" is-config="true" duration-ms="16" started-at="2020-02-13T07:07:38Z" finished-at="2020-02-13T07:07:38Z">
          <reporter-output>
          </reporter-output>
        </test-method> <!-- setUpBeforeClass -->
        <test-method status="PASS" signature="setUp()[pri:0, instance:com.training.sanity.tests.LoginTests1@3bfdc050]" name="setUp" is-config="true" duration-ms="13775" started-at="2020-02-13T07:07:38Z" finished-at="2020-02-13T07:07:52Z">
          <reporter-output>
          </reporter-output>
        </test-method> <!-- setUp -->
        <test-method status="PASS" signature="validLoginTest()[pri:0, instance:com.training.sanity.tests.LoginTests1@3bfdc050]" name="validLoginTest" duration-ms="2384" started-at="2020-02-13T07:07:52Z" finished-at="2020-02-13T07:07:54Z">
          <reporter-output>
          </reporter-output>
        </test-method> <!-- validLoginTest -->
        <test-method status="PASS" signature="tearDown()[pri:0, instance:com.training.sanity.tests.LoginTests1@3bfdc050]" name="tearDown" is-config="true" duration-ms="1870" started-at="2020-02-13T07:07:54Z" finished-at="2020-02-13T07:07:56Z">
          <reporter-output>
          </reporter-output>
        </test-method> <!-- tearDown -->
      </class> <!-- com.training.sanity.tests.LoginTests1 -->
    </test> <!-- Default test -->
  </suite> <!-- Default suite -->
</testng-results>
