<?xml version="1.0" encoding="UTF-8"?>
<testng-results skipped="0" failed="0" ignored="0" total="3" passed="3">
  <reporter-output>
  </reporter-output>
  <suite name="Default suite" duration-ms="29491" started-at="2020-02-16T12:25:13Z" finished-at="2020-02-16T12:25:43Z">
    <groups>
    </groups>
    <test name="Default test" duration-ms="29491" started-at="2020-02-16T12:25:13Z" finished-at="2020-02-16T12:25:43Z">
      <class name="com.training.sanity.tests.LoginTests2">
        <test-method status="PASS" signature="setUpBeforeClass()[pri:0, instance:com.training.sanity.tests.LoginTests2@3bfdc050]" name="setUpBeforeClass" is-config="true" duration-ms="12370" started-at="2020-02-16T12:25:13Z" finished-at="2020-02-16T12:25:26Z">
          <reporter-output>
          </reporter-output>
        </test-method> <!-- setUpBeforeClass -->
        <test-method status="PASS" signature="validLoginTest(java.lang.String, java.lang.String, int, java.lang.String)[pri:0, instance:com.training.sanity.tests.LoginTests2@3bfdc050]" name="validLoginTest" duration-ms="4833" started-at="2020-02-16T12:25:26Z" data-provider="db-inputs" finished-at="2020-02-16T12:25:31Z">
          <params>
            <param index="0">
              <value>
                <![CDATA[manzoor]]>
              </value>
            </param>
            <param index="1">
              <value>
                <![CDATA[new offer]]>
              </value>
            </param>
            <param index="2">
              <value>
                <![CDATA[500]]>
              </value>
            </param>
            <param index="3">
              <value>
                <![CDATA[new offer for member]]>
              </value>
            </param>
          </params>
          <reporter-output>
          </reporter-output>
        </test-method> <!-- validLoginTest -->
        <test-method status="PASS" signature="tearDown()[pri:0, instance:com.training.sanity.tests.LoginTests2@3bfdc050]" name="tearDown" is-config="true" duration-ms="1013" started-at="2020-02-16T12:25:31Z" finished-at="2020-02-16T12:25:32Z">
          <reporter-output>
          </reporter-output>
        </test-method> <!-- tearDown -->
        <test-method status="PASS" signature="validLoginTest(java.lang.String, java.lang.String, int, java.lang.String)[pri:0, instance:com.training.sanity.tests.LoginTests2@3bfdc050]" name="validLoginTest" duration-ms="4708" started-at="2020-02-16T12:25:32Z" data-provider="db-inputs" finished-at="2020-02-16T12:25:37Z">
          <params>
            <param index="0">
              <value>
                <![CDATA[sunil]]>
              </value>
            </param>
            <param index="1">
              <value>
                <![CDATA[special offer]]>
              </value>
            </param>
            <param index="2">
              <value>
                <![CDATA[8999]]>
              </value>
            </param>
            <param index="3">
              <value>
                <![CDATA[christmas offer for member]]>
              </value>
            </param>
          </params>
          <reporter-output>
          </reporter-output>
        </test-method> <!-- validLoginTest -->
        <test-method status="PASS" signature="tearDown()[pri:0, instance:com.training.sanity.tests.LoginTests2@3bfdc050]" name="tearDown" is-config="true" duration-ms="1011" started-at="2020-02-16T12:25:37Z" finished-at="2020-02-16T12:25:38Z">
          <reporter-output>
          </reporter-output>
        </test-method> <!-- tearDown -->
        <test-method status="PASS" signature="validLoginTest(java.lang.String, java.lang.String, int, java.lang.String)[pri:0, instance:com.training.sanity.tests.LoginTests2@3bfdc050]" name="validLoginTest" duration-ms="4060" started-at="2020-02-16T12:25:38Z" data-provider="db-inputs" finished-at="2020-02-16T12:25:42Z">
          <params>
            <param index="0">
              <value>
                <![CDATA[mariya]]>
              </value>
            </param>
            <param index="1">
              <value>
                <![CDATA[birth day offer]]>
              </value>
            </param>
            <param index="2">
              <value>
                <![CDATA[900]]>
              </value>
            </param>
            <param index="3">
              <value>
                <![CDATA[birth day offer for member]]>
              </value>
            </param>
          </params>
          <reporter-output>
          </reporter-output>
        </test-method> <!-- validLoginTest -->
        <test-method status="PASS" signature="tearDown()[pri:0, instance:com.training.sanity.tests.LoginTests2@3bfdc050]" name="tearDown" is-config="true" duration-ms="1014" started-at="2020-02-16T12:25:42Z" finished-at="2020-02-16T12:25:43Z">
          <reporter-output>
          </reporter-output>
        </test-method> <!-- tearDown -->
      </class> <!-- com.training.sanity.tests.LoginTests2 -->
    </test> <!-- Default test -->
  </suite> <!-- Default suite -->
</testng-results>
