<?xml version="1.0" encoding="UTF-8"?>
<!-- Generated by org.testng.reporters.JUnitXMLReporter -->
<testsuite hostname="IBM-Testing01" ignored="0" name="Default test" tests="3" failures="0" timestamp="16 Feb 2020 12:25:43 GMT" time="29.491" errors="0">
  <testcase name="validLoginTest" time="4.833" classname="com.training.sanity.tests.LoginTests2"/>
  <testcase name="validLoginTest" time="4.708" classname="com.training.sanity.tests.LoginTests2"/>
  <testcase name="validLoginTest" time="4.06" classname="com.training.sanity.tests.LoginTests2"/>
</testsuite> <!-- Default test -->
