<?xml version="1.0" encoding="UTF-8"?>
<testng-results skipped="0" failed="0" ignored="0" total="1" passed="1">
  <reporter-output>
  </reporter-output>
  <suite name="Default suite" duration-ms="18435" started-at="2020-02-12T15:22:46Z" finished-at="2020-02-12T15:23:05Z">
    <groups>
    </groups>
    <test name="Default test" duration-ms="18435" started-at="2020-02-12T15:22:46Z" finished-at="2020-02-12T15:23:05Z">
      <class name="com.training.sanity.tests.LoginTests">
        <test-method status="PASS" signature="setUpBeforeClass()[pri:0, instance:com.training.sanity.tests.LoginTests@3cef309d]" name="setUpBeforeClass" is-config="true" duration-ms="30" started-at="2020-02-12T15:22:46Z" finished-at="2020-02-12T15:22:46Z">
          <reporter-output>
          </reporter-output>
        </test-method> <!-- setUpBeforeClass -->
        <test-method status="PASS" signature="setUp()[pri:0, instance:com.training.sanity.tests.LoginTests@3cef309d]" name="setUp" is-config="true" duration-ms="13471" started-at="2020-02-12T15:22:46Z" finished-at="2020-02-12T15:23:00Z">
          <reporter-output>
          </reporter-output>
        </test-method> <!-- setUp -->
        <test-method status="PASS" signature="validLoginTest()[pri:0, instance:com.training.sanity.tests.LoginTests@3cef309d]" name="validLoginTest" duration-ms="2433" started-at="2020-02-12T15:23:00Z" finished-at="2020-02-12T15:23:02Z">
          <reporter-output>
          </reporter-output>
        </test-method> <!-- validLoginTest -->
        <test-method status="PASS" signature="tearDown()[pri:0, instance:com.training.sanity.tests.LoginTests@3cef309d]" name="tearDown" is-config="true" duration-ms="2454" started-at="2020-02-12T15:23:02Z" finished-at="2020-02-12T15:23:05Z">
          <reporter-output>
          </reporter-output>
        </test-method> <!-- tearDown -->
      </class> <!-- com.training.sanity.tests.LoginTests -->
    </test> <!-- Default test -->
  </suite> <!-- Default suite -->
</testng-results>
