<?xml version="1.0" encoding="UTF-8"?>
<testng-results skipped="0" failed="0" ignored="0" total="3" passed="3">
  <reporter-output>
  </reporter-output>
  <suite name="Default suite" duration-ms="77025" started-at="2020-02-16T15:13:06Z" finished-at="2020-02-16T15:14:23Z">
    <groups>
    </groups>
    <test name="Default test" duration-ms="77025" started-at="2020-02-16T15:13:06Z" finished-at="2020-02-16T15:14:23Z">
      <class name="com.training.sanity.tests.Complextest">
        <test-method status="PASS" signature="setUpBeforeClass()[pri:0, instance:com.training.sanity.tests.Complextest@91161c7]" name="setUpBeforeClass" is-config="true" duration-ms="16" started-at="2020-02-16T15:13:06Z" finished-at="2020-02-16T15:13:06Z">
          <reporter-output>
          </reporter-output>
        </test-method> <!-- setUpBeforeClass -->
        <test-method status="PASS" signature="setUp()[pri:0, instance:com.training.sanity.tests.Complextest@91161c7]" name="setUp" is-config="true" duration-ms="12723" started-at="2020-02-16T15:13:07Z" finished-at="2020-02-16T15:13:20Z">
          <reporter-output>
          </reporter-output>
        </test-method> <!-- setUp -->
        <test-method status="PASS" signature="validLoginTest(java.lang.String, java.lang.String, java.lang.String, java.lang.String)[pri:0, instance:com.training.sanity.tests.Complextest@91161c7]" name="validLoginTest" duration-ms="12029" started-at="2020-02-16T15:13:20Z" data-provider="cyclos" finished-at="2020-02-16T15:13:32Z">
          <params>
            <param index="0">
              <value>
                <![CDATA[manzoor]]>
              </value>
            </param>
            <param index="1">
              <value>
                <![CDATA[500.0]]>
              </value>
            </param>
            <param index="2">
              <value>
                <![CDATA[Debit to member]]>
              </value>
            </param>
            <param index="3">
              <value>
                <![CDATA[bonus]]>
              </value>
            </param>
          </params>
          <reporter-output>
          </reporter-output>
        </test-method> <!-- validLoginTest -->
        <test-method status="PASS" signature="tearDown()[pri:0, instance:com.training.sanity.tests.Complextest@91161c7]" name="tearDown" is-config="true" duration-ms="1909" started-at="2020-02-16T15:13:32Z" finished-at="2020-02-16T15:13:34Z">
          <reporter-output>
          </reporter-output>
        </test-method> <!-- tearDown -->
        <test-method status="PASS" signature="setUp()[pri:0, instance:com.training.sanity.tests.Complextest@91161c7]" name="setUp" is-config="true" duration-ms="10377" started-at="2020-02-16T15:13:34Z" finished-at="2020-02-16T15:13:44Z">
          <reporter-output>
          </reporter-output>
        </test-method> <!-- setUp -->
        <test-method status="PASS" signature="validLoginTest(java.lang.String, java.lang.String, java.lang.String, java.lang.String)[pri:0, instance:com.training.sanity.tests.Complextest@91161c7]" name="validLoginTest" duration-ms="11601" started-at="2020-02-16T15:13:44Z" data-provider="cyclos" finished-at="2020-02-16T15:13:56Z">
          <params>
            <param index="0">
              <value>
                <![CDATA[sunil]]>
              </value>
            </param>
            <param index="1">
              <value>
                <![CDATA[1000.0]]>
              </value>
            </param>
            <param index="2">
              <value>
                <![CDATA[Community to Member]]>
              </value>
            </param>
            <param index="3">
              <value>
                <![CDATA[farewell]]>
              </value>
            </param>
          </params>
          <reporter-output>
          </reporter-output>
        </test-method> <!-- validLoginTest -->
        <test-method status="PASS" signature="tearDown()[pri:0, instance:com.training.sanity.tests.Complextest@91161c7]" name="tearDown" is-config="true" duration-ms="1934" started-at="2020-02-16T15:13:56Z" finished-at="2020-02-16T15:13:58Z">
          <reporter-output>
          </reporter-output>
        </test-method> <!-- tearDown -->
        <test-method status="PASS" signature="setUp()[pri:0, instance:com.training.sanity.tests.Complextest@91161c7]" name="setUp" is-config="true" duration-ms="12029" started-at="2020-02-16T15:13:58Z" finished-at="2020-02-16T15:14:10Z">
          <reporter-output>
          </reporter-output>
        </test-method> <!-- setUp -->
        <test-method status="PASS" signature="validLoginTest(java.lang.String, java.lang.String, java.lang.String, java.lang.String)[pri:0, instance:com.training.sanity.tests.Complextest@91161c7]" name="validLoginTest" duration-ms="11403" started-at="2020-02-16T15:14:10Z" data-provider="cyclos" finished-at="2020-02-16T15:14:21Z">
          <params>
            <param index="0">
              <value>
                <![CDATA[mariya]]>
              </value>
            </param>
            <param index="1">
              <value>
                <![CDATA[2000.0]]>
              </value>
            </param>
            <param index="2">
              <value>
                <![CDATA[Voucher Cashing]]>
              </value>
            </param>
            <param index="3">
              <value>
                <![CDATA[gift voucher]]>
              </value>
            </param>
          </params>
          <reporter-output>
          </reporter-output>
        </test-method> <!-- validLoginTest -->
        <test-method status="PASS" signature="tearDown()[pri:0, instance:com.training.sanity.tests.Complextest@91161c7]" name="tearDown" is-config="true" duration-ms="1937" started-at="2020-02-16T15:14:21Z" finished-at="2020-02-16T15:14:23Z">
          <reporter-output>
          </reporter-output>
        </test-method> <!-- tearDown -->
      </class> <!-- com.training.sanity.tests.Complextest -->
    </test> <!-- Default test -->
  </suite> <!-- Default suite -->
</testng-results>
